This is pdfTeX, Version 3.14159265-2.6-1.40.18 (TeX Live 2017/W32TeX) (preloaded format=pdflatex 2018.3.24)  22 SEP 2019 12:01
entering extended mode
 restricted \write18 enabled.
 %&-line parsing enabled.
**./RelazioneLatex.tex
(./RelazioneLatex.tex
LaTeX2e <2017-04-15>
Babel <3.18> and hyphenation patterns for 84 language(s) loaded.
(c:/texlive/2017/texmf-dist/tex/latex/base/article.cls
Document Class: article 2014/09/29 v1.4h Standard LaTeX document class
(c:/texlive/2017/texmf-dist/tex/latex/base/size12.clo
File: size12.clo 2014/09/29 v1.4h Standard LaTeX file (size option)
)
\c@part=\count79
\c@section=\count80
\c@subsection=\count81
\c@subsubsection=\count82
\c@paragraph=\count83
\c@subparagraph=\count84
\c@figure=\count85
\c@table=\count86
\abovecaptionskip=\skip41
\belowcaptionskip=\skip42
\bibindent=\dimen102
)
(c:/texlive/2017/texmf-dist/tex/latex/base/fontenc.sty
Package: fontenc 2017/04/05 v2.0i Standard LaTeX package

(c:/texlive/2017/texmf-dist/tex/latex/base/t1enc.def
File: t1enc.def 2017/04/05 v2.0i Standard LaTeX file
LaTeX Font Info:    Redeclaring font encoding T1 on input line 48.
))
(c:/texlive/2017/texmf-dist/tex/latex/base/inputenc.sty
Package: inputenc 2015/03/17 v1.2c Input encoding file
\inpenc@prehook=\toks14
\inpenc@posthook=\toks15

(c:/texlive/2017/texmf-dist/tex/latex/base/utf8.def
File: utf8.def 2017/01/28 v1.1t UTF-8 support for inputenc
Now handling font encoding OML ...
... no UTF-8 mapping file for font encoding OML
Now handling font encoding T1 ...
... processing UTF-8 mapping file for font encoding T1

(c:/texlive/2017/texmf-dist/tex/latex/base/t1enc.dfu
File: t1enc.dfu 2017/01/28 v1.1t UTF-8 support for inputenc
   defining Unicode char U+00A0 (decimal 160)
   defining Unicode char U+00A1 (decimal 161)
   defining Unicode char U+00A3 (decimal 163)
   defining Unicode char U+00AB (decimal 171)
   defining Unicode char U+00AD (decimal 173)
   defining Unicode char U+00BB (decimal 187)
   defining Unicode char U+00BF (decimal 191)
   defining Unicode char U+00C0 (decimal 192)
   defining Unicode char U+00C1 (decimal 193)
   defining Unicode char U+00C2 (decimal 194)
   defining Unicode char U+00C3 (decimal 195)
   defining Unicode char U+00C4 (decimal 196)
   defining Unicode char U+00C5 (decimal 197)
   defining Unicode char U+00C6 (decimal 198)
   defining Unicode char U+00C7 (decimal 199)
   defining Unicode char U+00C8 (decimal 200)
   defining Unicode char U+00C9 (decimal 201)
   defining Unicode char U+00CA (decimal 202)
   defining Unicode char U+00CB (decimal 203)
   defining Unicode char U+00CC (decimal 204)
   defining Unicode char U+00CD (decimal 205)
   defining Unicode char U+00CE (decimal 206)
   defining Unicode char U+00CF (decimal 207)
   defining Unicode char U+00D0 (decimal 208)
   defining Unicode char U+00D1 (decimal 209)
   defining Unicode char U+00D2 (decimal 210)
   defining Unicode char U+00D3 (decimal 211)
   defining Unicode char U+00D4 (decimal 212)
   defining Unicode char U+00D5 (decimal 213)
   defining Unicode char U+00D6 (decimal 214)
   defining Unicode char U+00D8 (decimal 216)
   defining Unicode char U+00D9 (decimal 217)
   defining Unicode char U+00DA (decimal 218)
   defining Unicode char U+00DB (decimal 219)
   defining Unicode char U+00DC (decimal 220)
   defining Unicode char U+00DD (decimal 221)
   defining Unicode char U+00DE (decimal 222)
   defining Unicode char U+00DF (decimal 223)
   defining Unicode char U+00E0 (decimal 224)
   defining Unicode char U+00E1 (decimal 225)
   defining Unicode char U+00E2 (decimal 226)
   defining Unicode char U+00E3 (decimal 227)
   defining Unicode char U+00E4 (decimal 228)
   defining Unicode char U+00E5 (decimal 229)
   defining Unicode char U+00E6 (decimal 230)
   defining Unicode char U+00E7 (decimal 231)
   defining Unicode char U+00E8 (decimal 232)
   defining Unicode char U+00E9 (decimal 233)
   defining Unicode char U+00EA (decimal 234)
   defining Unicode char U+00EB (decimal 235)
   defining Unicode char U+00EC (decimal 236)
   defining Unicode char U+00ED (decimal 237)
   defining Unicode char U+00EE (decimal 238)
   defining Unicode char U+00EF (decimal 239)
   defining Unicode char U+00F0 (decimal 240)
   defining Unicode char U+00F1 (decimal 241)
   defining Unicode char U+00F2 (decimal 242)
   defining Unicode char U+00F3 (decimal 243)
   defining Unicode char U+00F4 (decimal 244)
   defining Unicode char U+00F5 (decimal 245)
   defining Unicode char U+00F6 (decimal 246)
   defining Unicode char U+00F8 (decimal 248)
   defining Unicode char U+00F9 (decimal 249)
   defining Unicode char U+00FA (decimal 250)
   defining Unicode char U+00FB (decimal 251)
   defining Unicode char U+00FC (decimal 252)
   defining Unicode char U+00FD (decimal 253)
   defining Unicode char U+00FE (decimal 254)
   defining Unicode char U+00FF (decimal 255)
   defining Unicode char U+0100 (decimal 256)
   defining Unicode char U+0101 (decimal 257)
   defining Unicode char U+0102 (decimal 258)
   defining Unicode char U+0103 (decimal 259)
   defining Unicode char U+0104 (decimal 260)
   defining Unicode char U+0105 (decimal 261)
   defining Unicode char U+0106 (decimal 262)
   defining Unicode char U+0107 (decimal 263)
   defining Unicode char U+0108 (decimal 264)
   defining Unicode char U+0109 (decimal 265)
   defining Unicode char U+010A (decimal 266)
   defining Unicode char U+010B (decimal 267)
   defining Unicode char U+010C (decimal 268)
   defining Unicode char U+010D (decimal 269)
   defining Unicode char U+010E (decimal 270)
   defining Unicode char U+010F (decimal 271)
   defining Unicode char U+0110 (decimal 272)
   defining Unicode char U+0111 (decimal 273)
   defining Unicode char U+0112 (decimal 274)
   defining Unicode char U+0113 (decimal 275)
   defining Unicode char U+0114 (decimal 276)
   defining Unicode char U+0115 (decimal 277)
   defining Unicode char U+0116 (decimal 278)
   defining Unicode char U+0117 (decimal 279)
   defining Unicode char U+0118 (decimal 280)
   defining Unicode char U+0119 (decimal 281)
   defining Unicode char U+011A (decimal 282)
   defining Unicode char U+011B (decimal 283)
   defining Unicode char U+011C (decimal 284)
   defining Unicode char U+011D (decimal 285)
   defining Unicode char U+011E (decimal 286)
   defining Unicode char U+011F (decimal 287)
   defining Unicode char U+0120 (decimal 288)
   defining Unicode char U+0121 (decimal 289)
   defining Unicode char U+0122 (decimal 290)
   defining Unicode char U+0123 (decimal 291)
   defining Unicode char U+0124 (decimal 292)
   defining Unicode char U+0125 (decimal 293)
   defining Unicode char U+0128 (decimal 296)
   defining Unicode char U+0129 (decimal 297)
   defining Unicode char U+012A (decimal 298)
   defining Unicode char U+012B (decimal 299)
   defining Unicode char U+012C (decimal 300)
   defining Unicode char U+012D (decimal 301)
   defining Unicode char U+012E (decimal 302)
   defining Unicode char U+012F (decimal 303)
   defining Unicode char U+0130 (decimal 304)
   defining Unicode char U+0131 (decimal 305)
   defining Unicode char U+0132 (decimal 306)
   defining Unicode char U+0133 (decimal 307)
   defining Unicode char U+0134 (decimal 308)
   defining Unicode char U+0135 (decimal 309)
   defining Unicode char U+0136 (decimal 310)
   defining Unicode char U+0137 (decimal 311)
   defining Unicode char U+0139 (decimal 313)
   defining Unicode char U+013A (decimal 314)
   defining Unicode char U+013B (decimal 315)
   defining Unicode char U+013C (decimal 316)
   defining Unicode char U+013D (decimal 317)
   defining Unicode char U+013E (decimal 318)
   defining Unicode char U+0141 (decimal 321)
   defining Unicode char U+0142 (decimal 322)
   defining Unicode char U+0143 (decimal 323)
   defining Unicode char U+0144 (decimal 324)
   defining Unicode char U+0145 (decimal 325)
   defining Unicode char U+0146 (decimal 326)
   defining Unicode char U+0147 (decimal 327)
   defining Unicode char U+0148 (decimal 328)
   defining Unicode char U+014A (decimal 330)
   defining Unicode char U+014B (decimal 331)
   defining Unicode char U+014C (decimal 332)
   defining Unicode char U+014D (decimal 333)
   defining Unicode char U+014E (decimal 334)
   defining Unicode char U+014F (decimal 335)
   defining Unicode char U+0150 (decimal 336)
   defining Unicode char U+0151 (decimal 337)
   defining Unicode char U+0152 (decimal 338)
   defining Unicode char U+0153 (decimal 339)
   defining Unicode char U+0154 (decimal 340)
   defining Unicode char U+0155 (decimal 341)
   defining Unicode char U+0156 (decimal 342)
   defining Unicode char U+0157 (decimal 343)
   defining Unicode char U+0158 (decimal 344)
   defining Unicode char U+0159 (decimal 345)
   defining Unicode char U+015A (decimal 346)
   defining Unicode char U+015B (decimal 347)
   defining Unicode char U+015C (decimal 348)
   defining Unicode char U+015D (decimal 349)
   defining Unicode char U+015E (decimal 350)
   defining Unicode char U+015F (decimal 351)
   defining Unicode char U+0160 (decimal 352)
   defining Unicode char U+0161 (decimal 353)
   defining Unicode char U+0162 (decimal 354)
   defining Unicode char U+0163 (decimal 355)
   defining Unicode char U+0164 (decimal 356)
   defining Unicode char U+0165 (decimal 357)
   defining Unicode char U+0168 (decimal 360)
   defining Unicode char U+0169 (decimal 361)
   defining Unicode char U+016A (decimal 362)
   defining Unicode char U+016B (decimal 363)
   defining Unicode char U+016C (decimal 364)
   defining Unicode char U+016D (decimal 365)
   defining Unicode char U+016E (decimal 366)
   defining Unicode char U+016F (decimal 367)
   defining Unicode char U+0170 (decimal 368)
   defining Unicode char U+0171 (decimal 369)
   defining Unicode char U+0172 (decimal 370)
   defining Unicode char U+0173 (decimal 371)
   defining Unicode char U+0174 (decimal 372)
   defining Unicode char U+0175 (decimal 373)
   defining Unicode char U+0176 (decimal 374)
   defining Unicode char U+0177 (decimal 375)
   defining Unicode char U+0178 (decimal 376)
   defining Unicode char U+0179 (decimal 377)
   defining Unicode char U+017A (decimal 378)
   defining Unicode char U+017B (decimal 379)
   defining Unicode char U+017C (decimal 380)
   defining Unicode char U+017D (decimal 381)
   defining Unicode char U+017E (decimal 382)
   defining Unicode char U+01CD (decimal 461)
   defining Unicode char U+01CE (decimal 462)
   defining Unicode char U+01CF (decimal 463)
   defining Unicode char U+01D0 (decimal 464)
   defining Unicode char U+01D1 (decimal 465)
   defining Unicode char U+01D2 (decimal 466)
   defining Unicode char U+01D3 (decimal 467)
   defining Unicode char U+01D4 (decimal 468)
   defining Unicode char U+01E2 (decimal 482)
   defining Unicode char U+01E3 (decimal 483)
   defining Unicode char U+01E6 (decimal 486)
   defining Unicode char U+01E7 (decimal 487)
   defining Unicode char U+01E8 (decimal 488)
   defining Unicode char U+01E9 (decimal 489)
   defining Unicode char U+01EA (decimal 490)
   defining Unicode char U+01EB (decimal 491)
   defining Unicode char U+01F0 (decimal 496)
   defining Unicode char U+01F4 (decimal 500)
   defining Unicode char U+01F5 (decimal 501)
   defining Unicode char U+0218 (decimal 536)
   defining Unicode char U+0219 (decimal 537)
   defining Unicode char U+021A (decimal 538)
   defining Unicode char U+021B (decimal 539)
   defining Unicode char U+0232 (decimal 562)
   defining Unicode char U+0233 (decimal 563)
   defining Unicode char U+1E02 (decimal 7682)
   defining Unicode char U+1E03 (decimal 7683)
   defining Unicode char U+200C (decimal 8204)
   defining Unicode char U+2010 (decimal 8208)
   defining Unicode char U+2011 (decimal 8209)
   defining Unicode char U+2012 (decimal 8210)
   defining Unicode char U+2013 (decimal 8211)
   defining Unicode char U+2014 (decimal 8212)
   defining Unicode char U+2015 (decimal 8213)
   defining Unicode char U+2018 (decimal 8216)
   defining Unicode char U+2019 (decimal 8217)
   defining Unicode char U+201A (decimal 8218)
   defining Unicode char U+201C (decimal 8220)
   defining Unicode char U+201D (decimal 8221)
   defining Unicode char U+201E (decimal 8222)
   defining Unicode char U+2030 (decimal 8240)
   defining Unicode char U+2031 (decimal 8241)
   defining Unicode char U+2039 (decimal 8249)
   defining Unicode char U+203A (decimal 8250)
   defining Unicode char U+2423 (decimal 9251)
   defining Unicode char U+1E20 (decimal 7712)
   defining Unicode char U+1E21 (decimal 7713)
)
Now handling font encoding OT1 ...
... processing UTF-8 mapping file for font encoding OT1

(c:/texlive/2017/texmf-dist/tex/latex/base/ot1enc.dfu
File: ot1enc.dfu 2017/01/28 v1.1t UTF-8 support for inputenc
   defining Unicode char U+00A0 (decimal 160)
   defining Unicode char U+00A1 (decimal 161)
   defining Unicode char U+00A3 (decimal 163)
   defining Unicode char U+00AD (decimal 173)
   defining Unicode char U+00B8 (decimal 184)
   defining Unicode char U+00BF (decimal 191)
   defining Unicode char U+00C5 (decimal 197)
   defining Unicode char U+00C6 (decimal 198)
   defining Unicode char U+00D8 (decimal 216)
   defining Unicode char U+00DF (decimal 223)
   defining Unicode char U+00E6 (decimal 230)
   defining Unicode char U+00EC (decimal 236)
   defining Unicode char U+00ED (decimal 237)
   defining Unicode char U+00EE (decimal 238)
   defining Unicode char U+00EF (decimal 239)
   defining Unicode char U+00F8 (decimal 248)
   defining Unicode char U+0131 (decimal 305)
   defining Unicode char U+0141 (decimal 321)
   defining Unicode char U+0142 (decimal 322)
   defining Unicode char U+0152 (decimal 338)
   defining Unicode char U+0153 (decimal 339)
   defining Unicode char U+0174 (decimal 372)
   defining Unicode char U+0175 (decimal 373)
   defining Unicode char U+0176 (decimal 374)
   defining Unicode char U+0177 (decimal 375)
   defining Unicode char U+0218 (decimal 536)
   defining Unicode char U+0219 (decimal 537)
   defining Unicode char U+021A (decimal 538)
   defining Unicode char U+021B (decimal 539)
   defining Unicode char U+2013 (decimal 8211)
   defining Unicode char U+2014 (decimal 8212)
   defining Unicode char U+2018 (decimal 8216)
   defining Unicode char U+2019 (decimal 8217)
   defining Unicode char U+201C (decimal 8220)
   defining Unicode char U+201D (decimal 8221)
)
Now handling font encoding OMS ...
... processing UTF-8 mapping file for font encoding OMS

(c:/texlive/2017/texmf-dist/tex/latex/base/omsenc.dfu
File: omsenc.dfu 2017/01/28 v1.1t UTF-8 support for inputenc
   defining Unicode char U+00A7 (decimal 167)
   defining Unicode char U+00B6 (decimal 182)
   defining Unicode char U+00B7 (decimal 183)
   defining Unicode char U+2020 (decimal 8224)
   defining Unicode char U+2021 (decimal 8225)
   defining Unicode char U+2022 (decimal 8226)
)
Now handling font encoding OMX ...
... no UTF-8 mapping file for font encoding OMX
Now handling font encoding U ...
... no UTF-8 mapping file for font encoding U
   defining Unicode char U+00A9 (decimal 169)
   defining Unicode char U+00AA (decimal 170)
   defining Unicode char U+00AE (decimal 174)
   defining Unicode char U+00BA (decimal 186)
   defining Unicode char U+02C6 (decimal 710)
   defining Unicode char U+02DC (decimal 732)
   defining Unicode char U+200C (decimal 8204)
   defining Unicode char U+2026 (decimal 8230)
   defining Unicode char U+2122 (decimal 8482)
   defining Unicode char U+2423 (decimal 9251)
))
(c:/texlive/2017/texmf-dist/tex/generic/babel/babel.sty
Package: babel 2018/02/14 3.18 The Babel package

(c:/texlive/2017/texmf-dist/tex/generic/babel/switch.def
File: switch.def 2018/02/14 3.18 Babel switching mechanism
)
(c:/texlive/2017/texmf-dist/tex/generic/babel-italian/italian.ldf
Language: italian 2015/03/26 v1.3n Italian support from the babel system

(c:/texlive/2017/texmf-dist/tex/generic/babel/babel.def
File: babel.def 2018/02/14 3.18 Babel common definitions
\babel@savecnt=\count87
\U@D=\dimen103

(c:/texlive/2017/texmf-dist/tex/generic/babel/txtbabel.def)
\bbl@dirlevel=\count88
)
\it@lettering=\count89
\it@doublequoteactive=\count90
\it@ISOcompliance=\count91
))
(c:/texlive/2017/texmf-dist/tex/latex/etoolbox/etoolbox.sty
Package: etoolbox 2018/02/11 v2.5e e-TeX tools for LaTeX (JAW)
\etb@tempcnta=\count92
)
(c:/texlive/2017/texmf-dist/tex/latex/frontespizio/frontespizio.sty
Package: frontespizio 2011/09/21 1.4a (Enrico Gregorio)

(c:/texlive/2017/texmf-dist/tex/latex/tools/afterpage.sty
Package: afterpage 2014/10/28 v1.08 After-Page Package (DPC)
\AP@output=\toks16
\AP@partial=\box26
\AP@footins=\box27
)
(c:/texlive/2017/texmf-dist/tex/latex/graphics/graphicx.sty
Package: graphicx 2017/06/01 v1.1a Enhanced LaTeX Graphics (DPC,SPQR)

(c:/texlive/2017/texmf-dist/tex/latex/graphics/keyval.sty
Package: keyval 2014/10/28 v1.15 key=value parser (DPC)
\KV@toks@=\toks17
)
(c:/texlive/2017/texmf-dist/tex/latex/graphics/graphics.sty
Package: graphics 2017/06/25 v1.2c Standard LaTeX Graphics (DPC,SPQR)

(c:/texlive/2017/texmf-dist/tex/latex/graphics/trig.sty
Package: trig 2016/01/03 v1.10 sin cos tan (DPC)
)
(c:/texlive/2017/texmf-dist/tex/latex/graphics-cfg/graphics.cfg
File: graphics.cfg 2016/06/04 v1.11 sample graphics configuration
)
Package graphics Info: Driver file: pdftex.def on input line 99.

(c:/texlive/2017/texmf-dist/tex/latex/graphics-def/pdftex.def
File: pdftex.def 2018/01/08 v1.0l Graphics/color driver for pdftex
))
\Gin@req@height=\dimen104
\Gin@req@width=\dimen105
)
(c:/texlive/2017/texmf-dist/tex/generic/oberdiek/atbegshi.sty
Package: atbegshi 2016/06/09 v1.18 At begin shipout hook (HO)

(c:/texlive/2017/texmf-dist/tex/generic/oberdiek/infwarerr.sty
Package: infwarerr 2016/05/16 v1.4 Providing info/warning/error messages (HO)
)
(c:/texlive/2017/texmf-dist/tex/generic/oberdiek/ltxcmds.sty
Package: ltxcmds 2016/05/16 v1.23 LaTeX kernel commands for general use (HO)
)
(c:/texlive/2017/texmf-dist/tex/generic/oberdiek/ifpdf.sty
Package: ifpdf 2017/03/15 v3.2 Provides the ifpdf switch
))
(c:/texlive/2017/texmf-dist/tex/latex/environ/environ.sty
Package: environ 2014/05/04 v0.3 A new way to define environments

(c:/texlive/2017/texmf-dist/tex/latex/trimspaces/trimspaces.sty
Package: trimspaces 2009/09/17 v1.1 Trim spaces around a token list
)
\@envbody=\toks18
)
(c:/texlive/2017/texmf-dist/tex/generic/ifxetex/ifxetex.sty
Package: ifxetex 2010/09/12 v0.6 Provides ifxetex conditional
)
\front@out=\write3
\openout3 = `RelazioneLatex-frn.tex'.

)
(c:/texlive/2017/texmf-dist/tex/latex/hyperref/hyperref.sty
Package: hyperref 2018/02/06 v6.86b Hypertext links for LaTeX

(c:/texlive/2017/texmf-dist/tex/generic/oberdiek/hobsub-hyperref.sty
Package: hobsub-hyperref 2016/05/16 v1.14 Bundle oberdiek, subset hyperref (HO)


(c:/texlive/2017/texmf-dist/tex/generic/oberdiek/hobsub-generic.sty
Package: hobsub-generic 2016/05/16 v1.14 Bundle oberdiek, subset generic (HO)
Package: hobsub 2016/05/16 v1.14 Construct package bundles (HO)
Package hobsub Info: Skipping package `infwarerr' (already loaded).
Package hobsub Info: Skipping package `ltxcmds' (already loaded).
Package: ifluatex 2016/05/16 v1.4 Provides the ifluatex switch (HO)
Package ifluatex Info: LuaTeX not detected.
Package: ifvtex 2016/05/16 v1.6 Detect VTeX and its facilities (HO)
Package ifvtex Info: VTeX not detected.
Package: intcalc 2016/05/16 v1.2 Expandable calculations with integers (HO)
Package hobsub Info: Skipping package `ifpdf' (already loaded).
Package: etexcmds 2016/05/16 v1.6 Avoid name clashes with e-TeX commands (HO)
Package etexcmds Info: Could not find \expanded.
(etexcmds)             That can mean that you are not using pdfTeX 1.50 or
(etexcmds)             that some package has redefined \expanded.
(etexcmds)             In the latter case, load this package earlier.
Package: kvsetkeys 2016/05/16 v1.17 Key value parser (HO)
Package: kvdefinekeys 2016/05/16 v1.4 Define keys (HO)
Package: pdftexcmds 2018/01/21 v0.26 Utility functions of pdfTeX for LuaTeX (HO
)
Package pdftexcmds Info: LuaTeX not detected.
Package pdftexcmds Info: \pdf@primitive is available.
Package pdftexcmds Info: \pdf@ifprimitive is available.
Package pdftexcmds Info: \pdfdraftmode found.
Package: pdfescape 2016/05/16 v1.14 Implements pdfTeX's escape features (HO)
Package: bigintcalc 2016/05/16 v1.4 Expandable calculations on big integers (HO
)
Package: bitset 2016/05/16 v1.2 Handle bit-vector datatype (HO)
Package: uniquecounter 2016/05/16 v1.3 Provide unlimited unique counter (HO)
)
Package hobsub Info: Skipping package `hobsub' (already loaded).
Package: letltxmacro 2016/05/16 v1.5 Let assignment for LaTeX macros (HO)
Package: hopatch 2016/05/16 v1.3 Wrapper for package hooks (HO)
Package: xcolor-patch 2016/05/16 xcolor patch
Package: atveryend 2016/05/16 v1.9 Hooks at the very end of document (HO)
Package hobsub Info: Skipping package `atbegshi' (already loaded).
Package: refcount 2016/05/16 v3.5 Data extraction from label references (HO)
Package: hycolor 2016/05/16 v1.8 Color options for hyperref/bookmark (HO)
)
(c:/texlive/2017/texmf-dist/tex/latex/oberdiek/auxhook.sty
Package: auxhook 2016/05/16 v1.4 Hooks for auxiliary files (HO)
)
(c:/texlive/2017/texmf-dist/tex/latex/oberdiek/kvoptions.sty
Package: kvoptions 2016/05/16 v3.12 Key value format for package options (HO)
)
\@linkdim=\dimen106
\Hy@linkcounter=\count93
\Hy@pagecounter=\count94

(c:/texlive/2017/texmf-dist/tex/latex/hyperref/pd1enc.def
File: pd1enc.def 2018/02/06 v6.86b Hyperref: PDFDocEncoding definition (HO)
Now handling font encoding PD1 ...
... no UTF-8 mapping file for font encoding PD1
)
\Hy@SavedSpaceFactor=\count95

(c:/texlive/2017/texmf-dist/tex/latex/latexconfig/hyperref.cfg
File: hyperref.cfg 2002/06/06 v1.2 hyperref configuration of TeXLive
)
Package hyperref Info: Hyper figures OFF on input line 4509.
Package hyperref Info: Link nesting OFF on input line 4514.
Package hyperref Info: Hyper index ON on input line 4517.
Package hyperref Info: Plain pages OFF on input line 4524.
Package hyperref Info: Backreferencing OFF on input line 4529.
Package hyperref Info: Implicit mode ON; LaTeX internals redefined.
Package hyperref Info: Bookmarks ON on input line 4762.
\c@Hy@tempcnt=\count96

(c:/texlive/2017/texmf-dist/tex/latex/url/url.sty
\Urlmuskip=\muskip10
Package: url 2013/09/16  ver 3.4  Verb mode for urls, etc.
)
LaTeX Info: Redefining \url on input line 5115.
\XeTeXLinkMargin=\dimen107
\Fld@menulength=\count97
\Field@Width=\dimen108
\Fld@charsize=\dimen109
Package hyperref Info: Hyper figures OFF on input line 6369.
Package hyperref Info: Link nesting OFF on input line 6374.
Package hyperref Info: Hyper index ON on input line 6377.
Package hyperref Info: backreferencing OFF on input line 6384.
Package hyperref Info: Link coloring OFF on input line 6389.
Package hyperref Info: Link coloring with OCG OFF on input line 6394.
Package hyperref Info: PDF/A mode OFF on input line 6399.
LaTeX Info: Redefining \ref on input line 6439.
LaTeX Info: Redefining \pageref on input line 6443.
\Hy@abspage=\count98
\c@Item=\count99
\c@Hfootnote=\count100
)
Package hyperref Info: Driver (autodetected): hpdftex.

(c:/texlive/2017/texmf-dist/tex/latex/hyperref/hpdftex.def
File: hpdftex.def 2018/02/06 v6.86b Hyperref driver for pdfTeX
\Fld@listcount=\count101
\c@bookmark@seq@number=\count102

(c:/texlive/2017/texmf-dist/tex/latex/oberdiek/rerunfilecheck.sty
Package: rerunfilecheck 2016/05/16 v1.8 Rerun checks for auxiliary files (HO)
Package uniquecounter Info: New unique counter `rerunfilecheck' on input line 2
82.
)
\Hy@SectionHShift=\skip43
)
(c:/texlive/2017/texmf-dist/tex/latex/geometry/geometry.sty
Package: geometry 2010/09/12 v5.6 Page Geometry
\Gm@cnth=\count103
\Gm@cntv=\count104
\c@Gm@tempcnt=\count105
\Gm@bindingoffset=\dimen110
\Gm@wd@mp=\dimen111
\Gm@odd@mp=\dimen112
\Gm@even@mp=\dimen113
\Gm@layoutwidth=\dimen114
\Gm@layoutheight=\dimen115
\Gm@layouthoffset=\dimen116
\Gm@layoutvoffset=\dimen117
\Gm@dimlist=\toks19
)
(c:/texlive/2017/texmf-dist/tex/latex/float/float.sty
Package: float 2001/11/08 v1.3d Float enhancements (AL)
\c@float@type=\count106
\float@exts=\toks20
\float@box=\box28
\@float@everytoks=\toks21
\@floatcapt=\box29
) (./RelazioneLatex.aux)
\openout1 = `RelazioneLatex.aux'.

LaTeX Font Info:    Checking defaults for OML/cmm/m/it on input line 16.
LaTeX Font Info:    ... okay on input line 16.
LaTeX Font Info:    Checking defaults for T1/cmr/m/n on input line 16.
LaTeX Font Info:    ... okay on input line 16.
LaTeX Font Info:    Checking defaults for OT1/cmr/m/n on input line 16.
LaTeX Font Info:    ... okay on input line 16.
LaTeX Font Info:    Checking defaults for OMS/cmsy/m/n on input line 16.
LaTeX Font Info:    ... okay on input line 16.
LaTeX Font Info:    Checking defaults for OMX/cmex/m/n on input line 16.
LaTeX Font Info:    ... okay on input line 16.
LaTeX Font Info:    Checking defaults for U/cmr/m/n on input line 16.
LaTeX Font Info:    ... okay on input line 16.
LaTeX Font Info:    Checking defaults for PD1/pdf/m/n on input line 16.
LaTeX Font Info:    ... okay on input line 16.
LaTeX Info: Redefining \it@ocap on input line 16.
LaTeX Info: Redefining \it@ccap on input line 16.

(c:/texlive/2017/texmf-dist/tex/context/base/mkii/supp-pdf.mkii
[Loading MPS to PDF converter (version 2006.09.02).]
\scratchcounter=\count107
\scratchdimen=\dimen118
\scratchbox=\box30
\nofMPsegments=\count108
\nofMParguments=\count109
\everyMPshowfont=\toks22
\MPscratchCnt=\count110
\MPscratchDim=\dimen119
\MPnumerator=\count111
\makeMPintoPDFobject=\count112
\everyMPtoPDFconversion=\toks23
) (c:/texlive/2017/texmf-dist/tex/latex/oberdiek/epstopdf-base.sty
Package: epstopdf-base 2016/05/15 v2.6 Base part for package epstopdf

(c:/texlive/2017/texmf-dist/tex/latex/oberdiek/grfext.sty
Package: grfext 2016/05/16 v1.2 Manage graphics extensions (HO)
)
Package epstopdf-base Info: Redefining graphics rule for `.eps' on input line 4
38.
Package grfext Info: Graphics extension search list:
(grfext)             [.pdf,.png,.jpg,.mps,.jpeg,.jbig2,.jb2,.PDF,.PNG,.JPG,.JPE
G,.JBIG2,.JB2,.eps]
(grfext)             \AppendGraphicsExtensions on input line 456.

(c:/texlive/2017/texmf-dist/tex/latex/latexconfig/epstopdf-sys.cfg
File: epstopdf-sys.cfg 2010/07/13 v1.3 Configuration of (r)epstopdf for TeX Liv
e
))
\AtBeginShipoutBox=\box31
Package hyperref Info: Link coloring OFF on input line 16.

(c:/texlive/2017/texmf-dist/tex/latex/hyperref/nameref.sty
Package: nameref 2016/05/21 v2.44 Cross-referencing by name of section

(c:/texlive/2017/texmf-dist/tex/generic/oberdiek/gettitlestring.sty
Package: gettitlestring 2016/05/16 v1.5 Cleanup title references (HO)
)
\c@section@level=\count113
)
LaTeX Info: Redefining \ref on input line 16.
LaTeX Info: Redefining \pageref on input line 16.
LaTeX Info: Redefining \nameref on input line 16.

(./RelazioneLatex.out) (./RelazioneLatex.out)
\@outlinefile=\write4
\openout4 = `RelazioneLatex.out'.


*geometry* driver: auto-detecting
*geometry* detected driver: pdftex
*geometry* verbose mode - [ preamble ] result:
* driver: pdftex
* paper: a4paper
* layout: <same size as paper>
* layoutoffset:(h,v)=(0.0pt,0.0pt)
* modes: 
* h-part:(L,W,R)=(89.62709pt, 418.25368pt, 89.6271pt)
* v-part:(T,H,B)=(101.40665pt, 591.5302pt, 152.11pt)
* \paperwidth=597.50787pt
* \paperheight=845.04684pt
* \textwidth=418.25368pt
* \textheight=591.5302pt
* \oddsidemargin=17.3571pt
* \evensidemargin=17.3571pt
* \topmargin=-7.86334pt
* \headheight=12.0pt
* \headsep=25.0pt
* \topskip=12.0pt
* \footskip=30.0pt
* \marginparwidth=35.0pt
* \marginparsep=10.0pt
* \columnsep=10.0pt
* \skip\footins=10.8pt plus 4.0pt minus 2.0pt
* \hoffset=0.0pt
* \voffset=0.0pt
* \mag=1000
* \@twocolumnfalse
* \@twosidefalse
* \@mparswitchfalse
* \@reversemarginfalse
* (1in=72.27pt=25.4mm, 1cm=28.453pt)

<RelazioneLatex-frn.pdf, id=48, 597.50829pt x 845.0471pt>
File: RelazioneLatex-frn.pdf Graphic file (type pdf)
<use RelazioneLatex-frn.pdf>
Package pdftex.def Info: RelazioneLatex-frn.pdf  used on input line 17.
(pdftex.def)             Requested size: 597.50682pt x 845.04504pt.
[1

 <./RelazioneLatex-frn.pdf{c:/texlive/2017/texmf-var/fonts/map/pdftex/updmap/pd
ftex.map}>] (./RelazioneLatex.toc
LaTeX Font Info:    External font `cmex10' loaded for size
(Font)              <12> on input line 5.
LaTeX Font Info:    External font `cmex10' loaded for size
(Font)              <8> on input line 5.
LaTeX Font Info:    External font `cmex10' loaded for size
(Font)              <6> on input line 5.
)
\tf@toc=\write5
\openout5 = `RelazioneLatex.toc'.

pdfTeX warning (ext4): destination with the same identifier (name{page.1}) has 
been already used, duplicate ignored
<to be read again> 
                   \relax 
l.35 \cleardoublepage
                      [1]pdfTeX warning (ext4): destination with the same ident
ifier (name{page.1}) has been already used, duplicate ignored
<to be read again> 
                   \relax 
l.68 \cleardoublepage
                      [1

]
Underfull \hbox (badness 10000) in paragraph at lines 83--87

 []


Underfull \hbox (badness 10000) in paragraph at lines 88--89

 []


Underfull \hbox (badness 10000) in paragraph at lines 90--91

 []

[2

]
<./images/MVC.png, id=105, 573.14125pt x 497.86pt>
File: ./images/MVC.png Graphic file (type png)
<use ./images/MVC.png>
Package pdftex.def Info: ./images/MVC.png  used on input line 98.
(pdftex.def)             Requested size: 257.91118pt x 224.03493pt.

Underfull \hbox (badness 10000) in paragraph at lines 101--105

 []

[3 <./images/MVC.png>]
Underfull \hbox (badness 10000) in paragraph at lines 109--111

 []


Underfull \hbox (badness 10000) in paragraph at lines 113--120

 []


Underfull \hbox (badness 10000) in paragraph at lines 121--123

 []


Underfull \hbox (badness 10000) in paragraph at lines 124--129

 []

[4] [5]
Overfull \hbox (8.53766pt too wide) in paragraph at lines 145--158
[][] 
 []


Overfull \hbox (8.53766pt too wide) in paragraph at lines 164--174
[][] 
 []

<useCaseUser.jpeg, id=121, 659.46375pt x 1291.82625pt>
File: useCaseUser.jpeg Graphic file (type jpg)
<use useCaseUser.jpeg>
Package pdftex.def Info: useCaseUser.jpeg  used on input line 179.
(pdftex.def)             Requested size: 276.97289pt x 542.56332pt.
[6

]
Overfull \hbox (8.53766pt too wide) in paragraph at lines 187--197
[][] 
 []

<useCaseResponsabile.png, id=126, 390.86024pt x 460.72125pt>
File: useCaseResponsabile.png Graphic file (type png)
<use useCaseResponsabile.png>
Package pdftex.def Info: useCaseResponsabile.png  used on input line 202.
(pdftex.def)             Requested size: 293.14445pt x 345.54008pt.
[7pdfTeX warning (ext4): destination with the same identifier (name{figure.1}) 
has been already used, duplicate ignored

\AtBegShi@Output ...ipout \box \AtBeginShipoutBox 
                                                  \fi \fi 
l.204 \end{figure}
                   <./useCaseUser.jpeg>]
<./images/activityDiagramLogin.png, id=132, 1149.69525pt x 476.37975pt>
File: ./images/activityDiagramLogin.png Graphic file (type png)
<use ./images/activityDiagramLogin.png>
Package pdftex.def Info: ./images/activityDiagramLogin.png  used on input line 
210.
(pdftex.def)             Requested size: 517.35808pt x 214.3689pt.
<./images/activityDiagramSignUp.png, id=133, 1638.72224pt x 1231.60126pt>
File: ./images/activityDiagramSignUp.png Graphic file (type png)
<use ./images/activityDiagramSignUp.png>
Package pdftex.def Info: ./images/activityDiagramSignUp.png  used on input line
 215.
(pdftex.def)             Requested size: 557.1582pt x 418.73889pt.
 [8pdfTeX warning (ext4): destination with the same identifier (name{figure.2})
 has been already used, duplicate ignored

\AtBegShi@Output ...ipout \box \AtBeginShipoutBox 
                                                  \fi \fi 
l.217 \end{figure}
                   <./useCaseResponsabile.png>]
<./images/activityDiagramRegistrato.png, id=140, 1409.86725pt x 1287.00826pt>
File: ./images/activityDiagramRegistrato.png Graphic file (type png)
<use ./images/activityDiagramRegistrato.png>
Package pdftex.def Info: ./images/activityDiagramRegistrato.png  used on input 
line 220.
(pdftex.def)             Requested size: 493.46094pt x 450.45964pt.

Overfull \hbox (32.20596pt too wide) in paragraph at lines 220--221
 [][] 
 []

[9pdfTeX warning (ext4): destination with the same identifier (name{figure.3}) 
has been already used, duplicate ignored

\AtBegShi@Output ...ipout \box \AtBeginShipoutBox 
                                                  \fi \fi 
l.222 \end{figure}
                   <./images/activityDiagramLogin.png>]
Overfull \vbox (6.96077pt too high) has occurred while \output is active []


[10pdfTeX warning (ext4): destination with the same identifier (name{figure.4})
 has been already used, duplicate ignored

\AtBegShi@Output ...ipout \box \AtBeginShipoutBox 
                                                  \fi \fi 
l.222 \end{figure}
                   <./images/activityDiagramSignUp.png>]
<./images/activityDiagramNonRegistrato.png, id=153, 1403.84476pt x 888.31876pt>

File: ./images/activityDiagramNonRegistrato.png Graphic file (type png)
<use ./images/activityDiagramNonRegistrato.png>
Package pdftex.def Info: ./images/activityDiagramNonRegistrato.png  used on inp
ut line 225.
(pdftex.def)             Requested size: 561.52797pt x 355.32121pt.
<./images/activityDiagramResponsabile.png, id=154, 1103.92426pt x 947.33925pt>
File: ./images/activityDiagramResponsabile.png Graphic file (type png)
<use ./images/activityDiagramResponsabile.png>
Package pdftex.def Info: ./images/activityDiagramResponsabile.png  used on inpu
t line 230.
(pdftex.def)             Requested size: 496.76134pt x 426.29872pt.

Overfull \hbox (8.04504pt too wide) in paragraph at lines 230--231
 [][] 
 []

[11pdfTeX warning (ext4): destination with the same identifier (name{figure.5})
 has been already used, duplicate ignored

\AtBegShi@Output ...ipout \box \AtBeginShipoutBox 
                                                  \fi \fi 
l.232 \end{figure}
                   <./images/activityDiagramRegistrato.png>]
Overfull \vbox (11.33054pt too high) has occurred while \output is active []


[12pdfTeX warning (ext4): destination with the same identifier (name{figure.6})
 has been already used, duplicate ignored

\AtBegShi@Output ...ipout \box \AtBeginShipoutBox 
                                                  \fi \fi 
l.232 \end{figure}
                   <./images/activityDiagramNonRegistrato.png>] [13pdfTeX warni
ng (ext4): destination with the same identifier (name{figure.7}) has been alrea
dy used, duplicate ignored

\AtBegShi@Output ...ipout \box \AtBeginShipoutBox 
                                                  \fi \fi 
l.233 \cleardoublepage
                       <./images/activityDiagramResponsabile.png>]
<./images/sequenceDiagramBootPhase.png, id=175, 854.19125pt x 537.00626pt>
File: ./images/sequenceDiagramBootPhase.png Graphic file (type png)
<use ./images/sequenceDiagramBootPhase.png>
Package pdftex.def Info: ./images/sequenceDiagramBootPhase.png  used on input l
ine 238.
(pdftex.def)             Requested size: 427.09459pt x 268.50247pt.

Overfull \hbox (8.84091pt too wide) in paragraph at lines 238--239
 [][] 
 []

<./images/sequenceDiagramGenericInteraction.png, id=176, 849.1725pt x 529.98pt>

File: ./images/sequenceDiagramGenericInteraction.png Graphic file (type png)
<use ./images/sequenceDiagramGenericInteraction.png>
Package pdftex.def Info: ./images/sequenceDiagramGenericInteraction.png  used o
n input line 243.
(pdftex.def)             Requested size: 424.5852pt x 264.98933pt.

Overfull \hbox (6.33153pt too wide) in paragraph at lines 243--244
 [][] 
 []

<./images/sequenceDiagramLogin.png, id=177, 854.19125pt x 1119.18124pt>
File: ./images/sequenceDiagramLogin.png Graphic file (type png)
<use ./images/sequenceDiagramLogin.png>
Package pdftex.def Info: ./images/sequenceDiagramLogin.png  used on input line 
248.
(pdftex.def)             Requested size: 384.38252pt x 503.6269pt.
[14

pdfTeX warning (ext4): destination with the same identifier (name{figure.8}) ha
s been already used, duplicate ignored

\AtBegShi@Output ...ipout \box \AtBeginShipoutBox 
                                                  \fi \fi 
l.250 \end{figure}
                   <./images/sequenceDiagramBootPhase.png>] [15pdfTeX warning (
ext4): destination with the same identifier (name{figure.9}) has been already u
sed, duplicate ignored

\AtBegShi@Output ...ipout \box \AtBeginShipoutBox 
                                                  \fi \fi 
l.251 
       <./images/sequenceDiagramGenericInteraction.png>]
<./images/classDiagram.png, id=190, 4024.03375pt x 3002.21625pt>
File: ./images/classDiagram.png Graphic file (type png)
<use ./images/classDiagram.png>
Package pdftex.def Info: ./images/classDiagram.png  used on input line 255.
(pdftex.def)             Requested size: 523.14276pt x 390.30182pt.
<./images/classDiagramParte1.png, id=191, 1271.75125pt x 3000.20876pt>
File: ./images/classDiagramParte1.png Graphic file (type png)
<use ./images/classDiagramParte1.png>
Package pdftex.def Info: ./images/classDiagramParte1.png  used on input line 26
0.
(pdftex.def)             Requested size: 267.07564pt x 630.06244pt.
 [16pdfTeX warning (ext4): destination with the same identifier (name{figure.10
}) has been already used, duplicate ignored

\AtBegShi@Output ...ipout \box \AtBeginShipoutBox 
                                                  \fi \fi 
l.261 \end{figure}
                   <./images/sequenceDiagramLogin.png>]
<./images/classDiagramParte2.png, id=198, 1176.395pt x 3002.21625pt>
File: ./images/classDiagramParte2.png Graphic file (type png)
<use ./images/classDiagramParte2.png>
Package pdftex.def Info: ./images/classDiagramParte2.png  used on input line 26
4.
(pdftex.def)             Requested size: 247.05025pt x 630.48404pt.
 [17pdfTeX warning (ext4): destination with the same identifier (name{figure.11
}) has been already used, duplicate ignored

\AtBegShi@Output ...ipout \box \AtBeginShipoutBox 
                                                  \fi \fi 
l.265 \end{figure}
                   <./images/classDiagram.png (PNG copy)>]
Overfull \vbox (38.53224pt too high) has occurred while \output is active []


[18 <./images/classDiagramParte1.png>]
<./images/classDiagramParte3.png, id=210, 1597.97pt x 3002.21625pt>
File: ./images/classDiagramParte3.png Graphic file (type png)
<use ./images/classDiagramParte3.png>
Package pdftex.def Info: ./images/classDiagramParte3.png  used on input line 26
8.
(pdftex.def)             Requested size: 335.5836pt x 630.48404pt.

Overfull \vbox (38.95384pt too high) has occurred while \output is active []


[19 <./images/classDiagramParte2.png>]
Overfull \vbox (38.95384pt too high) has occurred while \output is active []


[20 <./images/classDiagramParte3.png>]
LaTeX Font Info:    Try loading font information for OMS+cmr on input line 278.


(c:/texlive/2017/texmf-dist/tex/latex/base/omscmr.fd
File: omscmr.fd 2014/09/29 v2.5h Standard LaTeX font definitions
)
LaTeX Font Info:    Font shape `OMS/cmr/m/n' in size <12> not available
(Font)              Font shape `OMS/cmsy/m/n' tried instead on input line 278.
Package atveryend Info: Empty hook `BeforeClearDocument' on input line 283.
 [21]
Package atveryend Info: Empty hook `AfterLastShipout' on input line 283.

(./RelazioneLatex.aux)
Package atveryend Info: Executing hook `AtVeryEndDocument' on input line 283.
Package atveryend Info: Executing hook `AtEndAfterFileList' on input line 283.
Package rerunfilecheck Info: File `RelazioneLatex.out' has not changed.
(rerunfilecheck)             Checksum: 930511E721EA46E31AC83702B99EE3B9;623.
 )
(\end occurred inside a group at level 3)

### simple group (level 3) entered at line 184 ({)
### simple group (level 2) entered at line 161 ({)
### simple group (level 1) entered at line 141 ({)
### bottom level 
Here is how much of TeX's memory you used:
 7210 strings out of 492982
 102981 string characters out of 6136225
 203520 words of memory out of 5000000
 10614 multiletter control sequences out of 15000+600000
 11688 words of font info for 30 fonts, out of 8000000 for 9000
 1141 hyphenation exceptions out of 8191
 32i,11n,28p,931b,438s stack positions out of 5000i,500n,10000p,200000b,80000s
{c:/texlive/2017/texmf-dist/fonts/enc/dvips/cm-super/cm-super-t
1.enc}<c:/texlive/2017/texmf-dist/fonts/type1/public/amsfonts/cm/cmbx12.pfb><c:
/texlive/2017/texmf-dist/fonts/type1/public/amsfonts/cm/cmbx9.pfb><c:/texlive/2
017/texmf-dist/fonts/type1/public/amsfonts/cm/cmr10.pfb><c:/texlive/2017/texmf-
dist/fonts/type1/public/amsfonts/cm/cmr12.pfb><c:/texlive/2017/texmf-dist/fonts
/type1/public/amsfonts/cm/cmsy10.pfb><c:/texlive/2017/texmf-dist/fonts/type1/pu
blic/cm-super/sfbx1200.pfb><c:/texlive/2017/texmf-dist/fonts/type1/public/cm-su
per/sfbx1440.pfb><c:/texlive/2017/texmf-dist/fonts/type1/public/cm-super/sfbx17
28.pfb><c:/texlive/2017/texmf-dist/fonts/type1/public/cm-super/sfrm1200.pfb><c:
/texlive/2017/texmf-dist/fonts/type1/public/cm-super/sfti1200.pfb>
Output written on RelazioneLatex.pdf (23 pages, 3796759 bytes).
PDF statistics:
 265 PDF objects out of 1000 (max. 8388607)
 197 compressed objects within 2 object streams
 45 named destinations out of 1000 (max. 500000)
 169 words of extra memory for PDF output out of 10000 (max. 10000000)

